<?xml version="1.0" encoding="UTF-8"?>
<testng-results ignored="0" total="1" passed="1" failed="0" skipped="0">
  <reporter-output>
  </reporter-output>
  <suite started-at="2021-12-31T00:11:03 IST" name="Default suite" finished-at="2021-12-31T00:11:21 IST" duration-ms="17281">
    <groups>
    </groups>
    <test started-at="2021-12-31T00:11:03 IST" name="Default test" finished-at="2021-12-31T00:11:21 IST" duration-ms="17281">
      <class name="com.selemium.test.LoginLogout">
        <test-method signature="LoginLogoutTest()[pri:0, instance:com.selemium.test.LoginLogout@34b7ac2f]" started-at="2021-12-31T00:11:04 IST" name="LoginLogoutTest" finished-at="2021-12-31T00:11:21 IST" duration-ms="17028" status="PASS">
          <reporter-output>
          </reporter-output>
        </test-method> <!-- LoginLogoutTest -->
      </class> <!-- com.selemium.test.LoginLogout -->
    </test> <!-- Default test -->
  </suite> <!-- Default suite -->
</testng-results>
